[debug] [2025-04-15T15:03:29.345Z] ----------------------------------------------------------------------
[debug] [2025-04-15T15:03:29.348Z] Command:       /nix/store/ixbb20farqh1f4fqbmsn6b1ixn8mc8ij-nodejs-20.18.1/bin/node /nix/store/b9a1wqzb1vkh5xd2mrp196csvbgv8j13-firebase-tools-14.0.1/lib/node_modules/firebase-tools/lib/bin/firebase.js init hosting
[debug] [2025-04-15T15:03:29.349Z] CLI Version:   14.0.1
[debug] [2025-04-15T15:03:29.349Z] Platform:      linux
[debug] [2025-04-15T15:03:29.349Z] Node Version:  v20.18.1
[debug] [2025-04-15T15:03:29.349Z] Time:          Tue Apr 15 2025 15:03:29 GMT+0000 (Coordinated Universal Time)
[debug] [2025-04-15T15:03:29.349Z] ----------------------------------------------------------------------
[debug] 
[debug] [2025-04-15T15:03:29.357Z] > command requires scopes: ["email","openid","https://www.googleapis.com/auth/cloudplatformprojects.readonly","https://www.googleapis.com/auth/firebase","https://www.googleapis.com/auth/cloud-platform"]
[debug] [2025-04-15T15:03:29.357Z] > authorizing via signed-in user (solara.julia.a@gmail.com)
[info] 
     ######## #### ########  ######## ########     ###     ######  ########
     ##        ##  ##     ## ##       ##     ##  ##   ##  ##       ##
     ######    ##  ########  ######   ########  #########  ######  ######
     ##        ##  ##    ##  ##       ##     ## ##     ##       ## ##
     ##       #### ##     ## ######## ########  ##     ##  ######  ########

You're about to initialize a Firebase project in this directory:

  /home/user/coding

[info] 
=== Project Setup
[info] 
[info] First, let's associate this project directory with a Firebase project.
[info] You can create multiple project aliases by running firebase use --add, 
[info] but for now we'll just set up a default project.
[info] 
